<?xml version="1.0" encoding="UTF-8"?>
<testng-results skipped="0" failed="1" ignored="0" total="4" passed="3">
  <reporter-output>
  </reporter-output>
  <suite name="Default suite" duration-ms="52663" started-at="2023-09-08T16:39:57Z" finished-at="2023-09-08T16:40:50Z">
    <groups>
    </groups>
    <test name="Default test" duration-ms="52663" started-at="2023-09-08T16:39:57Z" finished-at="2023-09-08T16:40:50Z">
      <class name="tests.CompaniesTest">
        <test-method status="PASS" signature="setUp()[pri:0, instance:tests.CompaniesTest@6e0e048a]" name="setUp" is-config="true" duration-ms="16378" started-at="2023-09-08T16:39:57Z" finished-at="2023-09-08T16:40:13Z">
          <reporter-output>
          </reporter-output>
        </test-method> <!-- setUp -->
        <test-method status="FAIL" signature="enterLoginData()[pri:1, instance:tests.CompaniesTest@6e0e048a]" name="enterLoginData" duration-ms="18025" started-at="2023-09-08T16:40:13Z" finished-at="2023-09-08T16:40:31Z">
          <exception class="java.lang.AssertionError">
            <message>
              <![CDATA[expected [true] but found [false]]]>
            </message>
            <full-stacktrace>
              <![CDATA[java.lang.AssertionError: expected [true] but found [false]
at org.testng.Assert.fail(Assert.java:96)
at org.testng.Assert.failNotEquals(Assert.java:776)
at org.testng.Assert.assertTrue(Assert.java:44)
at org.testng.Assert.assertTrue(Assert.java:54)
at tests.CompaniesTest.enterLoginData(CompaniesTest.java:46)
at sun.reflect.NativeMethodAccessorImpl.invoke0(Native Method)
at sun.reflect.NativeMethodAccessorImpl.invoke(Unknown Source)
at sun.reflect.DelegatingMethodAccessorImpl.invoke(Unknown Source)
at java.lang.reflect.Method.invoke(Unknown Source)
at org.testng.internal.MethodInvocationHelper.invokeMethod(MethodInvocationHelper.java:124)
at org.testng.internal.Invoker.invokeMethod(Invoker.java:583)
at org.testng.internal.Invoker.invokeTestMethod(Invoker.java:719)
at org.testng.internal.Invoker.invokeTestMethods(Invoker.java:989)
at org.testng.internal.TestMethodWorker.invokeTestMethods(TestMethodWorker.java:125)
at org.testng.internal.TestMethodWorker.run(TestMethodWorker.java:109)
at org.testng.TestRunner.privateRun(TestRunner.java:648)
at org.testng.TestRunner.run(TestRunner.java:505)
at org.testng.SuiteRunner.runTest(SuiteRunner.java:455)
at org.testng.SuiteRunner.runSequentially(SuiteRunner.java:450)
at org.testng.SuiteRunner.privateRun(SuiteRunner.java:415)
at org.testng.SuiteRunner.run(SuiteRunner.java:364)
at org.testng.SuiteRunnerWorker.runSuite(SuiteRunnerWorker.java:52)
at org.testng.SuiteRunnerWorker.run(SuiteRunnerWorker.java:84)
at org.testng.TestNG.runSuitesSequentially(TestNG.java:1208)
at org.testng.TestNG.runSuitesLocally(TestNG.java:1137)
at org.testng.TestNG.runSuites(TestNG.java:1049)
at org.testng.TestNG.run(TestNG.java:1017)
at org.testng.remote.AbstractRemoteTestNG.run(AbstractRemoteTestNG.java:114)
at org.testng.remote.RemoteTestNG.initAndRun(RemoteTestNG.java:251)
at org.testng.remote.RemoteTestNG.main(RemoteTestNG.java:77)
]]>
            </full-stacktrace>
          </exception> <!-- java.lang.AssertionError -->
          <reporter-output>
          </reporter-output>
        </test-method> <!-- enterLoginData -->
        <test-method status="PASS" signature="testMoveToCompanies()[pri:2, instance:tests.CompaniesTest@6e0e048a]" name="testMoveToCompanies" duration-ms="9684" started-at="2023-09-08T16:40:31Z" finished-at="2023-09-08T16:40:41Z">
          <reporter-output>
          </reporter-output>
        </test-method> <!-- testMoveToCompanies -->
        <test-method status="PASS" signature="testCompanyDetails()[pri:3, instance:tests.CompaniesTest@6e0e048a]" name="testCompanyDetails" duration-ms="8321" started-at="2023-09-08T16:40:41Z" finished-at="2023-09-08T16:40:49Z">
          <reporter-output>
          </reporter-output>
        </test-method> <!-- testCompanyDetails -->
        <test-method status="PASS" signature="testCompanyName()[pri:4, instance:tests.CompaniesTest@6e0e048a]" name="testCompanyName" duration-ms="68" started-at="2023-09-08T16:40:49Z" finished-at="2023-09-08T16:40:49Z">
          <reporter-output>
          </reporter-output>
        </test-method> <!-- testCompanyName -->
        <test-method status="PASS" signature="tearDown()[pri:0, instance:tests.CompaniesTest@6e0e048a]" name="tearDown" is-config="true" duration-ms="144" started-at="2023-09-08T16:40:49Z" finished-at="2023-09-08T16:40:50Z">
          <reporter-output>
          </reporter-output>
        </test-method> <!-- tearDown -->
      </class> <!-- tests.CompaniesTest -->
    </test> <!-- Default test -->
  </suite> <!-- Default suite -->
</testng-results>
